c:\proyectos\proyectos09\secureworld\sw3\challenge_hostname_c\hostname\x64\release\vc141.pdb
c:\proyectos\proyectos09\secureworld\sw3\challenge_hostname_c\hostname\x64\release\pch.obj
c:\proyectos\proyectos09\secureworld\sw3\challenge_hostname_c\hostname\x64\release\dllmain.obj
c:\proyectos\proyectos09\secureworld\sw3\challenge_hostname_c\hostname\x64\release\json.obj
c:\proyectos\proyectos09\secureworld\sw3\challenge_hostname_c\hostname\x64\release\hostname.lib
c:\proyectos\proyectos09\secureworld\sw3\challenge_hostname_c\hostname\x64\release\hostname.exp
c:\proyectos\proyectos09\secureworld\sw3\challenge_hostname_c\hostname\x64\release\hostname.ipdb
c:\proyectos\proyectos09\secureworld\sw3\challenge_hostname_c\hostname\x64\release\hostname.iobj
c:\proyectos\proyectos09\secureworld\sw3\challenge_hostname_c\hostname\x64\release\hostname.dll
c:\proyectos\proyectos09\secureworld\sw3\challenge_hostname_c\hostname\x64\release\hostname.pdb
c:\proyectos\proyectos09\secureworld\sw3\challenge_hostname\version_c\x64\release\dllmain.obj
c:\proyectos\proyectos09\secureworld\sw3\challenge_hostname\version_c\x64\release\json.obj
c:\proyectos\proyectos09\secureworld\sw3\challenge_hostname\version_c\x64\release\pch.obj
c:\proyectos\proyectos09\secureworld\sw3\challenge_hostname\version_c\x64\release\hostname.ipdb
c:\proyectos\proyectos09\secureworld\sw3\challenge_hostname\version_c\x64\release\hostname.iobj
c:\proyectos\proyectos09\secureworld\sw3\challenge_hostname\version_c\x64\release\hostname.exp
c:\proyectos\proyectos09\secureworld\sw3\challenge_hostname\version_c\x64\release\hostname.pdb
c:\proyectos\proyectos09\secureworld\sw3\challenge_hostname\version_c\x64\release\vc141.pdb
c:\proyectos\proyectos09\secureworld\sw3\challenge_hostname\version_c\x64\release\hostname.dll
c:\proyectos\proyectos09\secureworld\sw3\challenge_hostname\version_c\x64\release\hostname.tlog\cl.command.1.tlog
c:\proyectos\proyectos09\secureworld\sw3\challenge_hostname\version_c\x64\release\hostname.tlog\cl.read.1.tlog
c:\proyectos\proyectos09\secureworld\sw3\challenge_hostname\version_c\x64\release\hostname.tlog\cl.write.1.tlog
c:\proyectos\proyectos09\secureworld\sw3\challenge_hostname\version_c\x64\release\hostname.tlog\hostname.write.1u.tlog
c:\proyectos\proyectos09\secureworld\sw3\challenge_hostname\version_c\x64\release\hostname.tlog\link.command.1.tlog
c:\proyectos\proyectos09\secureworld\sw3\challenge_hostname\version_c\x64\release\hostname.tlog\link.read.1.tlog
c:\proyectos\proyectos09\secureworld\sw3\challenge_hostname\version_c\x64\release\hostname.tlog\link.write.1.tlog
